<?xml version="1.0" encoding="UTF-8"?>
<testsuite xmlns:xsi="http://www.w3.org/2001/XMLSchema-instance" xsi:noNamespaceSchemaLocation="https://maven.apache.org/surefire/maven-surefire-plugin/xsd/surefire-test-report-3.0.xsd" version="3.0" name="com.personal.hashset.TestHashSet" time="0.007" tests="11" errors="0" skipped="0" failures="0">
  <properties>
    <property name="java.specification.version" value="15"/>
    <property name="sun.cpu.isalist" value="amd64"/>
    <property name="sun.jnu.encoding" value="Cp1252"/>
    <property name="java.class.path" value="C:\Users\loja7003\Documents\Personal\OfficeHours\CollectionsArrayList\target\test-classes;C:\Users\loja7003\Documents\Personal\OfficeHours\CollectionsArrayList\target\classes;C:\Users\loja7003\.m2\repository\org\junit\jupiter\junit-jupiter-engine\5.5.2\junit-jupiter-engine-5.5.2.jar;C:\Users\loja7003\.m2\repository\org\apiguardian\apiguardian-api\1.1.0\apiguardian-api-1.1.0.jar;C:\Users\loja7003\.m2\repository\org\junit\platform\junit-platform-engine\1.5.2\junit-platform-engine-1.5.2.jar;C:\Users\loja7003\.m2\repository\org\opentest4j\opentest4j\1.2.0\opentest4j-1.2.0.jar;C:\Users\loja7003\.m2\repository\org\junit\platform\junit-platform-commons\1.5.2\junit-platform-commons-1.5.2.jar;C:\Users\loja7003\.m2\repository\org\junit\jupiter\junit-jupiter-api\5.5.2\junit-jupiter-api-5.5.2.jar;"/>
    <property name="java.vm.vendor" value="Oracle Corporation"/>
    <property name="sun.arch.data.model" value="64"/>
    <property name="user.variant" value=""/>
    <property name="java.vendor.url" value="https://java.oracle.com/"/>
    <property name="user.timezone" value="America/Mexico_City"/>
    <property name="user.country.format" value="MX"/>
    <property name="os.name" value="Windows 10"/>
    <property name="java.vm.specification.version" value="15"/>
    <property name="sun.java.launcher" value="SUN_STANDARD"/>
    <property name="user.country" value="US"/>
    <property name="sun.boot.library.path" value="C:\Program Files\Java\jdk-15.0.2\bin"/>
    <property name="sun.java.command" value="C:\Users\loja7003\AppData\Local\Temp\surefire3884021111494100640\surefirebooter360334602073860542.jar C:\Users\loja7003\AppData\Local\Temp\surefire3884021111494100640 2022-05-27T10-15-55_376-jvmRun1 surefire62910623135117577tmp surefire_09150716015119917805tmp"/>
    <property name="jdk.debug" value="release"/>
    <property name="surefire.test.class.path" value="C:\Users\loja7003\Documents\Personal\OfficeHours\CollectionsArrayList\target\test-classes;C:\Users\loja7003\Documents\Personal\OfficeHours\CollectionsArrayList\target\classes;C:\Users\loja7003\.m2\repository\org\junit\jupiter\junit-jupiter-engine\5.5.2\junit-jupiter-engine-5.5.2.jar;C:\Users\loja7003\.m2\repository\org\apiguardian\apiguardian-api\1.1.0\apiguardian-api-1.1.0.jar;C:\Users\loja7003\.m2\repository\org\junit\platform\junit-platform-engine\1.5.2\junit-platform-engine-1.5.2.jar;C:\Users\loja7003\.m2\repository\org\opentest4j\opentest4j\1.2.0\opentest4j-1.2.0.jar;C:\Users\loja7003\.m2\repository\org\junit\platform\junit-platform-commons\1.5.2\junit-platform-commons-1.5.2.jar;C:\Users\loja7003\.m2\repository\org\junit\jupiter\junit-jupiter-api\5.5.2\junit-jupiter-api-5.5.2.jar;"/>
    <property name="sun.cpu.endian" value="little"/>
    <property name="user.home" value="C:\Users\loja7003"/>
    <property name="user.language" value="en"/>
    <property name="java.specification.vendor" value="Oracle Corporation"/>
    <property name="java.version.date" value="2021-01-19"/>
    <property name="java.home" value="C:\Program Files\Java\jdk-15.0.2"/>
    <property name="file.separator" value="\"/>
    <property name="basedir" value="C:\Users\loja7003\Documents\Personal\OfficeHours\CollectionsArrayList"/>
    <property name="java.vm.compressedOopsMode" value="Zero based"/>
    <property name="line.separator" value="&#10;"/>
    <property name="java.vm.specification.vendor" value="Oracle Corporation"/>
    <property name="java.specification.name" value="Java Platform API Specification"/>
    <property name="surefire.real.class.path" value="C:\Users\loja7003\AppData\Local\Temp\surefire3884021111494100640\surefirebooter360334602073860542.jar"/>
    <property name="user.script" value=""/>
    <property name="sun.management.compiler" value="HotSpot 64-Bit Tiered Compilers"/>
    <property name="java.runtime.version" value="15.0.2+7-27"/>
    <property name="user.name" value="loja7003"/>
    <property name="path.separator" value=";"/>
    <property name="os.version" value="10.0"/>
    <property name="java.runtime.name" value="Java(TM) SE Runtime Environment"/>
    <property name="file.encoding" value="Cp1252"/>
    <property name="java.vm.name" value="Java HotSpot(TM) 64-Bit Server VM"/>
    <property name="localRepository" value="C:\Users\loja7003\.m2\repository"/>
    <property name="java.vendor.url.bug" value="https://bugreport.java.com/bugreport/"/>
    <property name="java.io.tmpdir" value="C:\Users\loja7003\AppData\Local\Temp\"/>
    <property name="java.version" value="15.0.2"/>
    <property name="user.dir" value="C:\Users\loja7003\Documents\Personal\OfficeHours\CollectionsArrayList"/>
    <property name="os.arch" value="amd64"/>
    <property name="java.vm.specification.name" value="Java Virtual Machine Specification"/>
    <property name="user.language.format" value="es"/>
    <property name="sun.os.patch.level" value=""/>
    <property name="java.library.path" value="C:\Program Files\Java\jdk-15.0.2\bin;C:\WINDOWS\Sun\Java\bin;C:\WINDOWS\system32;C:\WINDOWS;C:\Program Files\Common Files\Oracle\Java\javapath;C:\Program Files\Common Files\Microsoft Shared\Microsoft Online Services;C:\Program Files (x86)\Common Files\Microsoft Shared\Microsoft Online Services;C:\WINDOWS\system32;C:\WINDOWS;C:\WINDOWS\System32\Wbem;C:\WINDOWS\System32\WindowsPowerShell\v1.0\;C:\WINDOWS\System32\OpenSSH\;C:\Program Files\Git\cmd;C:\Program Files\Java\jdk-15.0.2\bin;C:\apache-maven-3.6.0\bin;C:\Program Files (x86)\sbt\bin;C:\scala\bin;C:\Windows\Microsoft.NET\Framework\v2.0.50727;C:\Program Files\nodejs\;C:\Users\loja7003\AppData\Local\Programs\Python\Python37;C:\Users\loja7003\AppData\Local\Programs\Python\Python37\Scripts\;C:\Users\loja7003\AppData\Local\Programs\Python\Python37\;C:\Users\loja7003\AppData\Local\Microsoft\WindowsApps;C:\Users\loja7003\AppData\Roaming\npm;C:\Users\loja7003\AppData\Local\Programs\Microsoft VS Code\bin;C:\Users\loja7003\AppData\Local\GitHubDesktop\bin;%USERPROFILE%\AppData\Local\Microsoft\WindowsApps;;."/>
    <property name="java.vm.info" value="mixed mode, sharing"/>
    <property name="java.vendor" value="Oracle Corporation"/>
    <property name="java.vm.version" value="15.0.2+7-27"/>
    <property name="sun.io.unicode.encoding" value="UnicodeLittle"/>
    <property name="java.class.version" value="59.0"/>
  </properties>
  <testcase name="givenAnElementInHashSet_whenContainsElement1_thenTrue" classname="com.personal.hashset.TestHashSet" time="0.001"/>
  <testcase name="givenFortyElementsInHashSet_whenSize_thenSizeForty" classname="com.personal.hashset.TestHashSet" time="0"/>
  <testcase name="givenElementsInHashSet_whenIterator_thenGetValuesElement1Element2" classname="com.personal.hashset.TestHashSet" time="0"/>
  <testcase name="givenNewHashSet_whenSize_thenZero" classname="com.personal.hashset.TestHashSet" time="0"/>
  <testcase name="givenNewHashSet_whenAdd_thenSizeOne" classname="com.personal.hashset.TestHashSet" time="0"/>
  <testcase name="givenFortyElementsInHashSet_whenIterator_thenGetSize40" classname="com.personal.hashset.TestHashSet" time="0"/>
  <testcase name="givenAnElementInHashSet_whenNotContainsElement1_thenFalse" classname="com.personal.hashset.TestHashSet" time="0"/>
  <testcase name="givenFourElementsInHashSet_whenRemoveAll_thenSizeZero" classname="com.personal.hashset.TestHashSet" time="0"/>
  <testcase name="givenAnElementInHashSet_whenAddEqualElement_thenSizeOne" classname="com.personal.hashset.TestHashSet" time="0"/>
  <testcase name="givenFourElementsInHashSet_whenRemoveTow_thenSizeTwo" classname="com.personal.hashset.TestHashSet" time="0"/>
  <testcase name="givenTwoElementsInHashSet_whenRemoveOne_thenSizeOne" classname="com.personal.hashset.TestHashSet" time="0"/>
</testsuite>